<?xml version="1.0" encoding="UTF-8"?>
<testsuite name="com.progressoft.jfw.annotations.processor.copier.CopierAnnotationProcessorTest" time="1.899" tests="11" errors="1" skipped="0" failures="0">
  <properties>
[...]
</properties>
  <testcase name="givenAClassAnnotatedAsWithCopierAndADepCopyField_shouldGenerateCopierThatCopyTheFieldUsingClone" classname="com.progressoft.jfw.annotations.processor.copier.CopierAnnotationProcessorTest" time="0.902"/>
  <testcase name="givenAClassAnnotatedAsWithCopierAndHasStaticFields_shouldGenerateACopierClassThatIgnoresStaticFields" classname="com.progressoft.jfw.annotations.processor.copier.CopierAnnotationProcessorTest" time="0.088"/>
  <testcase name="givenAClassAnnotatedAsWithCopierForPublicMemebersMode_shouldGenerateCopierUsingDirectPublicMembersAccess" classname="com.progressoft.jfw.annotations.processor.copier.CopierAnnotationProcessorTest" time="0.074"/>
  <testcase name="givenAClassAnnotatedAsWithCopierAndHasAPrimitiveBooleanAttribute_shouldGenerateAClassWithSameNameButEndsWithCopierAndCopyTheAttributeUsingIsInsteadOfGet" classname="com.progressoft.jfw.annotations.processor.copier.CopierAnnotationProcessorTest" time="0.07"/>
  <testcase name="givenAClassAnnotatedAsWithCopier_shouldGenerateAClassWithSameNameButEndsWithCopier" classname="com.progressoft.jfw.annotations.processor.copier.CopierAnnotationProcessorTest" time="0.113"/>
  <testcase name="givenAClassAnnotatedAsWithCopierAndHasIgnoredField_shouldGenerateCopierWithoutIncludingTheField" classname="com.progressoft.jfw.annotations.processor.copier.CopierAnnotationProcessorTest" time="0.117"/>
  <testcase name="givenAClassNotAnnotatedAsWithCopier_shouldCompileWithoutErrors" classname="com.progressoft.jfw.annotations.processor.copier.CopierAnnotationProcessorTest" time="0.02"/>
  <testcase name="givenAClassAnnotatedAsWithCopierAndHasInnerClassAnnotatedAsCopier_shouldGenerateCopiersForBothClasses" classname="com.progressoft.jfw.annotations.processor.copier.CopierAnnotationProcessorTest" time="0.009">
    <error type="java.lang.NullPointerException:"><![CDATA[java.lang.NullPointerException: null
	at java.io.Reader.<init>(Reader.java:78)
	at java.io.InputStreamReader.<init>(InputStreamReader.java:97)
	at org.apache.commons.io.IOUtils.copy(IOUtils.java:1077)
	at org.apache.commons.io.IOUtils.toString(IOUtils.java:382)
	at com.progressoft.jfw.annotations.processor.copier.CopierAnnotationProcessorTest.getExpectedResultFileContent(CopierAnnotationProcessorTest.java:130)
	at com.progressoft.jfw.annotations.processor.copier.CopierAnnotationProcessorTest.givenAClassAnnotatedAsWithCopierAndHasInnerClassAnnotatedAsCopier_shouldGenerateCopiersForBothClasses(CopierAnnotationProcessorTest.java:121)
]]></error>
  </testcase>
  <testcase name="givenAClassAnnotatedAsWithCopierAndHasCollectionFields_shouldGenerateCopierProperCollectionCopying" classname="com.progressoft.jfw.annotations.processor.copier.CopierAnnotationProcessorTest" time="0.28"/>
  <testcase name="givenAClassAnnotatedAsWithCopierAndHasVariablesAndCollectionFields_shouldGenerateCopierProperVariablsAndCollectionCopying" classname="com.progressoft.jfw.annotations.processor.copier.CopierAnnotationProcessorTest" time="0.093"/>
  <testcase name="givenAClassAnnotatedAsWithCopierAndHasAttribute_shouldGenerateAClassWithSameNameButEndsWithCopierAndCopyTheAttributes" classname="com.progressoft.jfw.annotations.processor.copier.CopierAnnotationProcessorTest" time="0.133"/>
</testsuite>